C51 COMPILER V9.60.0.0   SS_DISPLAY                                                        09/09/2024 14:57:04 PAGE 1   


C51 COMPILER V9.60.0.0, COMPILATION OF MODULE SS_DISPLAY
OBJECT MODULE PLACED IN .\Objects\SS_Display.obj
COMPILER INVOKED BY: D:\Nandkishor\Software\C51\BIN\C51.EXE SS_Display.c OPTIMIZE(8,SIZE) BROWSE INCDIR(..\Include) DEFI
                    -NE(FOSC_160000) DEBUG OBJECTEXTEND PRINT(.\Listings\SS_Display.lst) TABS(2) OBJECT(.\Objects\SS_Display.obj)

line level    source

   1          
   2          #include "SS_Display.h"
   3          
   4          void SS_DigitControl(char digit, ss_position position){
   5   1          
   6   1        switch(position){
   7   2          case POS_0:
   8   2            //COM &= 0x18;
   9   2            //COM |= 0x67;  // 0111 1111  // middle 0 pin is connected with i2c so should not touch
  10   2          COM0 = 0;
  11   2          COM1 = 1;
  12   2          COM2 = 1;
  13   2          COM3 = 1;
  14   2            singleSS_Control(digit);
  15   2            break;
  16   2          case POS_1:
  17   2            //COM &= 0x18;
  18   2            //COM |= 0xcf;
  19   2          COM0 = 1;
  20   2          COM1 = 0;
  21   2          COM2 = 1;
  22   2          COM3 = 1;
  23   2            singleSS_Control(digit);
  24   2            break;
  25   2          
  26   2          case POS_2:
  27   2            //COM &= 0x18;
  28   2            //COM |= 0xe6;
  29   2          COM0 = 1;
  30   2          COM1 = 1;
  31   2          COM2 = 0;
  32   2          COM3 = 1;
  33   2            singleSS_Control(digit);
  34   2            break;
  35   2          
  36   2          case POS_3:
  37   2            //COM &= 0x18;
  38   2            //COM |= 0xe5;
  39   2          COM0 = 1;
  40   2          COM1 = 1;
  41   2          COM2 = 1;
  42   2          COM3 = 0;
  43   2            singleSS_Control(digit);
  44   2            break;
  45   2          
  46   2          default:
  47   2          
  48   2            break;
  49   2          
  50   2          }
  51   1      }
  52          
  53          void singleSS_Control(char digit){
  54   1        switch (digit){
C51 COMPILER V9.60.0.0   SS_DISPLAY                                                        09/09/2024 14:57:04 PAGE 2   

  55   2          case '-':
  56   2            DIGIT &= 0x00;
  57   2            DIGIT |= 0xbf;
  58   2            break;
  59   2          case '0':
  60   2            DIGIT &= 0x00;
  61   2            DIGIT |= 0xc0;
  62   2            break;
  63   2          case '1':
  64   2            DIGIT &= 0x00;
  65   2            DIGIT |= 0xf9;
  66   2            break;
  67   2          case '2':
  68   2            DIGIT &= 0x00;
  69   2            DIGIT |= 0xa4;
  70   2            break;
  71   2              
  72   2          case '3':
  73   2            DIGIT &= 0x00;
  74   2            DIGIT |= 0xb0;
  75   2            break;
  76   2          
  77   2          case '4':
  78   2            DIGIT &= 0x00;
  79   2             DIGIT |= 0x99;
  80   2            break;
  81   2          
  82   2          case '5':
  83   2            DIGIT &= 0x00;
  84   2            DIGIT |= 0x92;
  85   2            break;
  86   2          
  87   2          case '6':
  88   2            DIGIT &= 0x00;
  89   2            DIGIT |= 0x82;
  90   2            break;
  91   2          case '7':
  92   2            DIGIT &= 0x00;
  93   2            DIGIT |= 0xf8;
  94   2            break;
  95   2          case '8':
  96   2            DIGIT &= 0x00;
  97   2            DIGIT |= 0x80;
  98   2            break;
  99   2          case '9':
 100   2            DIGIT &= 0x00;
 101   2            DIGIT |= 0x90;
 102   2            break;
 103   2          case 'd':
 104   2            DIGIT &= 0x00;
 105   2            DIGIT |= 0xa1;
 106   2            break;
 107   2          case 'I':
 108   2            DIGIT &= 0x00;
 109   2            DIGIT |= 0xf9;
 110   2            break;
 111   2          case 'S':
 112   2            DIGIT &= 0x00;
 113   2            DIGIT |= 0x92;
 114   2            break;
 115   2          case 'C':
 116   2            DIGIT &= 0x00;
C51 COMPILER V9.60.0.0   SS_DISPLAY                                                        09/09/2024 14:57:04 PAGE 3   

 117   2            DIGIT |= 0xc6;
 118   2            break;
 119   2          case 'A':
 120   2            DIGIT &= 0x00;
 121   2            DIGIT |= 0x88;
 122   2            break;
 123   2          case 'L':
 124   2            DIGIT &= 0x00;
 125   2            DIGIT |= 0xc7;
 126   2            break;
 127   2          case 'E':
 128   2            DIGIT &= 0x00;
 129   2            DIGIT |= 0x86;
 130   2            break;
 131   2          case 'F':
 132   2            DIGIT &= 0x00;
 133   2            DIGIT |= 0x8e;
 134   2            break;
 135   2          case 'o':
 136   2            DIGIT &= 0x00;
 137   2            DIGIT |= 0xa3;
 138   2            break;
 139   2          case 'n':
 140   2            DIGIT &= 0x00;
 141   2            DIGIT |= 0xab;
 142   2            break;
 143   2            
 144   2        }
 145   1      }


MODULE INFORMATION:   STATIC OVERLAYABLE
   CODE SIZE        =    262    ----
   CONSTANT SIZE    =   ----    ----
   XDATA SIZE       =   ----    ----
   PDATA SIZE       =   ----    ----
   DATA SIZE        =   ----       1
   IDATA SIZE       =   ----    ----
   BIT SIZE         =   ----    ----
END OF MODULE INFORMATION.


C51 COMPILATION COMPLETE.  0 WARNING(S),  0 ERROR(S)
