C51 COMPILER V9.60.0.0   I2C_S                                                             02/06/2023 16:21:44 PAGE 1   


C51 COMPILER V9.60.0.0, COMPILATION OF MODULE I2C_S
OBJECT MODULE PLACED IN .\Output\I2C_S.obj
COMPILER INVOKED BY: C:\Keil_v5\C51\BIN\C51.EXE Code\I2C_S.c OPTIMIZE(8,SPEED) BROWSE INCDIR(..\..\..\Include) DEFINE(FO
                    -SC_160000) DEBUG OBJECTEXTEND PRINT(.\LST\I2C_S.lst) TABS(2) OBJECT(.\Output\I2C_S.obj)

line level    source

   1          /*--------------------------------------------------------------------------------------------------------
             --*/
   2          /*                                                                                                        
             - */
   3          /* Copyright(c) 2015 Nuvoton Technology Corp. All rights reserved.                                        
             - */
   4          /*                                                                                                        
             - */
   5          /*--------------------------------------------------------------------------------------------------------
             --*/
   6          
   7          //********************************************************************************************************
             -***
   8          //  Nuvoton Technoledge Corp. 
   9          //  Website: http://www.nuvoton.com
  10          //  E-Mail : MicroC-8bit@nuvoton.com
  11          //  Date   : May/1/2015
  12          //********************************************************************************************************
             -***
  13          
  14          //********************************************************************************************************
             -***
  15          //  File Function: N76E003 I2C Slave demo code
  16          //********************************************************************************************************
             -***
  17          
  18          #include "N76E003.h"
  19          
  20          
  21          unsigned char temp _at_ 0x08;
  22          unsigned char idata itemp _at_ 0x80;
  23          unsigned char xdata xtemp _at_ 0x80;
  24          
  25          //********************************************************************************************************
             -***
  26          //  N76E885-series I2C slave mode demo code, the Slave address = 0xA4
  27          //
  28          //   ____________            _____________ 
  29          //  |            |   SDA    |             |
  30          //  |            |<-------->|             |
  31          //  |            |          |             |
  32          //  |N76E003(M) |          | N76E003(S) |
  33          //  |(I2C_Master)|          | (I2C_Slave) |
  34          //  |            |   SCL    |             |
  35          //  |            |--------->|             |
  36          //  |____________|          |_____________|
  37          //
  38          //  The protocol of I2C is same the "24LC64"
  39          //********************************************************************************************************
             -***
  40          
  41          
  42          #define I2C_CLOCK               13
  43          #define EEPROM_SLA              0x04
C51 COMPILER V9.60.0.0   I2C_S                                                             02/06/2023 16:21:44 PAGE 2   

  44          
  45          
  46          UINT8 data_received[34], data_num = 0;
  47          
  48          //========================================================================================================
  49          void I2C_ISR(void) interrupt 6
  50          {
  51   1          switch (I2STAT)
  52   1          {
  53   2              case 0x00:
  54   2                  STO = 1;
  55   2                  break;
  56   2      
  57   2              case 0x60:
  58   2                  AA = 1;
  59   2                  //P3 = 0x60;
  60   2                  break;
  61   2              
  62   2              case 0x68:
  63   2                  P02 = 0;
  64   2                  while(1);
  65   2                  break;
  66   2      
  67   2              case 0x80: // Correct Data 
  68   2                  //P3 = 0x80;
  69   2                  printf("\n%d", I2DAT);
  70   2                  data_received[data_num] = I2DAT;
  71   2                  data_num++;
  72   2      
  73   2                  if (data_num == 34)
  74   2                      AA = 0;
  75   2                  else
  76   2                      AA = 1;
  77   2                  break;
  78   2      
  79   2              case 0x88:
  80   2                  //P3 = 0x88;
  81   2                  data_received[data_num] = I2DAT;
  82   2                  data_num = 0;
  83   2                  AA = 1;
  84   2                  break;
  85   2      
  86   2              case 0xA0:
  87   2                  //P3 = 0xA0;
  88   2                  AA = 1;
  89   2                  break;
  90   2      
  91   2              case 0xA8:
  92   2                  //P3 = 0xA0;
  93   2                  I2DAT = data_received[data_num];
  94   2                  data_num++;
  95   2                  AA = 1;
  96   2                  break;
  97   2              
  98   2              case 0xB8:
  99   2                  //P3 = 0xB8;
 100   2                  I2DAT = data_received[data_num];
 101   2                  data_num++;
 102   2                  AA = 1;
 103   2                  break;
 104   2      
 105   2              case 0xC0:
C51 COMPILER V9.60.0.0   I2C_S                                                             02/06/2023 16:21:44 PAGE 3   

 106   2                  AA = 1;
 107   2                  break; 
 108   2      
 109   2              case 0xC8:
 110   2                  //P3 = 0xC8;
 111   2                  AA = 1;
 112   2                  break;        
 113   2          }
 114   1      
 115   1          SI = 0;
 116   1      //    while(STO);
 117   1      }
 118          
 119          //========================================================================================================
 120          void Init_I2C(void)
 121          {
 122   1          P13_Quasi_Mode;                         //set SCL (P13) is Quasi mode
 123   1          P14_Quasi_Mode;                         //set SDA (P14) is Quasi mode
 124   1          
 125   1          SDA = 1;                                //set SDA and SCL pins high
 126   1          SCL = 1;
 127   1          
 128   1          set_P0SR_6;                             //set SCL (P06) is  Schmitt triggered input select.
 129   1          
 130   1          set_EI2C;                               //enable I2C interrupt by setting IE1 bit 0
 131   1          set_EA;
 132   1      
 133   1          I2ADDR = EEPROM_SLA;                    //define own slave address
 134   1          set_I2CEN;                              //enable I2C circuit
 135   1          set_AA;
 136   1      }
 137          
 138          //========================================================================================================
 139          void main(void)
 140          {
 141   1          InitialUART0_Timer3(115200);
 142   1          TI = 1;     
 143   1      
 144   1          Set_All_GPIO_Quasi_Mode;
 145   1          
 146   1          /* Initial I2C function */
 147   1          Init_I2C();                                 //initial I2C circuit
 148   1      
 149   1          while (1);
 150   1      /* =================== */
 151   1      }
 152          


MODULE INFORMATION:   STATIC OVERLAYABLE
   CODE SIZE        =    262    ----
   CONSTANT SIZE    =      4    ----
   XDATA SIZE       =   ----    ----
   PDATA SIZE       =   ----    ----
   DATA SIZE        =     35    ----
   IDATA SIZE       =   ----    ----
   BIT SIZE         =   ----    ----
END OF MODULE INFORMATION.


C51 COMPILATION COMPLETE.  0 WARNING(S),  0 ERROR(S)
