C51 COMPILER V9.60.0.0   DELAY                                                             07/04/2025 11:40:40 PAGE 1   


C51 COMPILER V9.60.0.0, COMPILATION OF MODULE DELAY
OBJECT MODULE PLACED IN .\Objects\Delay.obj
COMPILER INVOKED BY: D:\Nandkishor\Software\C51\BIN\C51.EXE ..\..\N76E003_BSP_Keil_C51_V1.0.6\N76E003_BSP_Keil_C51_V1.0.
                    -6\Common\Delay.c OPTIMIZE(8,SPEED) BROWSE INCDIR(..\N76E003_BSP_Keil_C51_V1.0.6;..\..\N76E003_BSP_Keil_C51_V1.0.6\N76E00
                    -3_BSP_Keil_C51_V1.0.6\Include;..\..\N76E003_BSP_Keil_C51_V1.0.6\N76E003_BSP_Keil_C51_V1.0.6\Common) DEBUG OBJECTEXTEND P
                    -RINT(.\Listings\Delay.lst) TABS(2) OBJECT(.\Objects\Delay.obj)

line level    source

   1          /*--------------------------------------------------------------------------------------------------------
             --*/
   2          /*                                                                                                        
             - */
   3          /* Copyright(c) 2016 Nuvoton Technology Corp. All rights reserved.                                        
             - */
   4          /*                                                                                                        
             - */
   5          /*--------------------------------------------------------------------------------------------------------
             --*/
   6          
   7          //********************************************************************************************************
             -***
   8          //  Nuvoton Technoledge Corp. 
   9          //  Website: http://www.nuvoton.com
  10          //  E-Mail : MicroC-8bit@nuvoton.com
  11          //  Date   : Apr/21/2016
  12          //********************************************************************************************************
             -***
  13          
  14          #include "N76E003.h"
  15          #include "Common.h"
  16          #include "Delay.h"
  17          #include "SFR_Macro.h"
  18          #include "Function_define.h"
  19          bit BIT_TMP;
  20          
  21          
  22          //-------------------------------------------------------------------------
  23          /*void Timer0_Delay100us(UINT32 u32CNT)
  24          {
  25              clr_T0M;                                    //T0M=0, Timer0 Clock = Fsys/12
  26              TMOD |= 0x01;                               //Timer0 is 16-bit mode
  27              set_TR0;                                    //Start Timer0
  28              while (u32CNT != 0)
  29              {
  30                  TL0 = LOBYTE(TIMER_DIV12_VALUE_100us);  //Find  define in "Function_define.h" "TIMER VALUE"
  31                  TH0 = HIBYTE(TIMER_DIV12_VALUE_100us);
  32                  while (TF0 != 1);                       //Check Timer0 Time-Out Flag
  33                  clr_TF0;
  34                  u32CNT --;
  35              }
  36              clr_TR0;                                    //Stop Timer0
  37          }*/
  38          //------------------------------------------------------------------------------
  39          void Timer0_Delay1ms(UINT32 u32CNT)
  40          {
  41   1          clr_T0M;                                    //T0M=0, Timer0 Clock = Fsys/12
  42   1          TMOD |= 0x01;                               //Timer0 is 16-bit mode
  43   1          set_TR0;                                    //Start Timer0
  44   1          while (u32CNT != 0)
  45   1          {
C51 COMPILER V9.60.0.0   DELAY                                                             07/04/2025 11:40:40 PAGE 2   

  46   2              TL0 = LOBYTE(TIMER_DIV12_VALUE_1ms);    //Find  define in "Function_define.h" "TIMER VALUE"
  47   2              TH0 = HIBYTE(TIMER_DIV12_VALUE_1ms);
  48   2              while (TF0 != 1);                       //Check Timer0 Time-Out Flag
  49   2              clr_TF0;
  50   2              u32CNT --;
  51   2          }
  52   1          clr_TR0;                                    //Stop Timer0
  53   1      }
  54          
  55          //------------------------------------------------------------------------------
  56          /*void Timer1_Delay10ms(UINT32 u32CNT)
  57          {
  58              clr_T1M;                                    //T1M=0, Timer1 Clock = Fsys/12
  59              TMOD |= 0x10;                               //Timer1 is 16-bit mode
  60              set_TR1;                                    //Start Timer1
  61              while (u32CNT != 0)
  62              {
  63                  TL1 = LOBYTE(TIMER_DIV12_VALUE_10ms);   //Find  define in "Function_define.h" "TIMER VALUE"
  64                  TH1 = HIBYTE(TIMER_DIV12_VALUE_10ms);
  65                  while (TF1 != 1);                       //Check Timer1 Time-Out Flag
  66                  clr_TF1;
  67                  u32CNT --;
  68              }
  69              clr_TR1;                                    //Stop Timer1
  70          }*/
  71          //------------------------------------------------------------------------------
  72          /*void Timer2_Delay500us(UINT32 u32CNT)
  73          {
  74              clr_T2DIV2;                                 //Timer2 Clock = Fsys/4 
  75              clr_T2DIV1;
  76              set_T2DIV0;
  77              set_TR2;                                    //Start Timer2
  78              while (u32CNT != 0)
  79              {
  80                  TL2 = LOBYTE(TIMER_DIV4_VALUE_500us);   //Find  define in "Function_define.h" "TIMER VALUE"
  81                  TH2 = HIBYTE(TIMER_DIV4_VALUE_500us);
  82                  while (TF2 != 1);                       //Check Timer2 Time-Out Flag
  83                  clr_TF2;
  84                  u32CNT --;
  85              }
  86              clr_TR2;                                    //Stop Timer2
  87          }*/
  88          //------------------------------------------------------------------------------
  89          /*void Timer3_Delay100ms(UINT32 u32CNT)
  90          {
  91              T3CON = 0x07;                               //Timer3 Clock = Fsys/128
  92              set_TR3;                                    //Trigger Timer3
  93              while (u32CNT != 0)
  94              {
  95                  RL3 = LOBYTE(TIMER_DIV128_VALUE_100ms); //Find  define in "Function_define.h" "TIMER VALUE"
  96                  RH3 = HIBYTE(TIMER_DIV128_VALUE_100ms);
  97                  while ((T3CON&SET_BIT4) != SET_BIT4);   //Check Timer3 Time-Out Flag
  98                  clr_TF3;
  99                  u32CNT --;
 100              }
 101              clr_TR3;                                    //Stop Timer3
 102          }*/
 103          //------------------------------------------------------------------------------
 104          /*void Timer3_Delay10us(UINT32 u32CNT)
 105          {
 106              T3CON = 0x07;                               //Timer3 Clock = Fsys/128
 107              set_TR3;                                    //Trigger Timer3
C51 COMPILER V9.60.0.0   DELAY                                                             07/04/2025 11:40:40 PAGE 3   

 108              while (u32CNT != 0)
 109              {
 110                  RL3 = LOBYTE(TIMER_DIV4_VALUE_10us); //Find  define in "Function_define.h" "TIMER VALUE"
 111                  RH3 = HIBYTE(TIMER_DIV4_VALUE_10us);
 112                  while ((T3CON&SET_BIT4) != SET_BIT4);   //Check Timer3 Time-Out Flag
 113                  clr_TF3;
 114                  u32CNT --;
 115              }
 116              clr_TR3;                                    //Stop Timer3
 117          }*/


MODULE INFORMATION:   STATIC OVERLAYABLE
   CODE SIZE        =     75    ----
   CONSTANT SIZE    =   ----    ----
   XDATA SIZE       =   ----    ----
   PDATA SIZE       =   ----    ----
   DATA SIZE        =   ----       4
   IDATA SIZE       =   ----    ----
   BIT SIZE         =      1    ----
END OF MODULE INFORMATION.


C51 COMPILATION COMPLETE.  0 WARNING(S),  0 ERROR(S)
