C51 COMPILER V9.60.0.0   PRINT_UART0                                                       02/06/2023 17:15:49 PAGE 1   


C51 COMPILER V9.60.0.0, COMPILATION OF MODULE PRINT_UART0
OBJECT MODULE PLACED IN .\Output\Print_UART0.obj
COMPILER INVOKED BY: C:\Keil_v5\C51\BIN\C51.EXE Code\Print_UART0.C OPTIMIZE(4,SPEED) BROWSE INCDIR(..\..\Include) DEFINE
                    -(FOSC_160000) DEBUG OBJECTEXTEND PRINT(.\LST\Print_UART0.lst) TABS(2) OBJECT(.\Output\Print_UART0.obj)

line level    source

   1          /*--------------------------------------------------------------------------------------------------------
             --*/
   2          /*                                                                                                        
             - */
   3          /* Copyright(c) 2017 Nuvoton Technology Corp. All rights reserved.                                        
             - */
   4          /*                                                                                                        
             - */
   5          /*--------------------------------------------------------------------------------------------------------
             --*/
   6          
   7          //********************************************************************************************************
             -***
   8          //  Website: http://www.nuvoton.com
   9          //  E-Mail : MicroC-8bit@nuvoton.com
  10          //  Date   : Jan/21/2017
  11          //********************************************************************************************************
             -***
  12          
  13          //********************************************************************************************************
             -***
  14          //  File Function: N76E003 GPIO demo code
  15          //********************************************************************************************************
             -***
  16          #include "N76E003.h"
  17          
  18          unsigned char temp _at_ 0x08;
  19          unsigned char idata itemp _at_ 0x80;
  20          unsigned char xdata xtemp _at_ 0x80;
  21          
  22          /*==========================================================================*/
  23          void main (void) 
  24          {
  25   1          InitialUART0_Timer3(115200);
  26   1          TI = 1;                             // Important, use prinft function must set TI=1;
  27   1        
  28   1          while(1)
  29   1          {
  30   2            printf("\n Hello world");
  31   2            Timer0_Delay1ms(300);
  32   2          }
  33   1      }


MODULE INFORMATION:   STATIC OVERLAYABLE
   CODE SIZE        =     36    ----
   CONSTANT SIZE    =     14    ----
   XDATA SIZE       =   ----    ----
   PDATA SIZE       =   ----    ----
   DATA SIZE        =   ----    ----
   IDATA SIZE       =   ----    ----
   BIT SIZE         =   ----    ----
END OF MODULE INFORMATION.


C51 COMPILATION COMPLETE.  0 WARNING(S),  0 ERROR(S)
